# JRE version: OpenJDK Runtime Environment (14.0.2+12) (build 14.0.2+12-46)
# Java VM: OpenJDK 64-Bit Server VM (14.0.2+12-46, mixed mode, tiered, compressed oops, g1 gc, windows-amd64)
Heap:
 garbage-first heap   total 48128K, used 32176K [0x00000000e0000000, 0x0000000100000000)
  region size 1024K, 23 young (23552K), 4 survivors (4096K)
 Metaspace       used 42684K, capacity 43972K, committed 44032K, reserved 1087488K
  class space    used 5141K, capacity 5615K, committed 5632K, reserved 1048576K
GC Heap History (20 events):
Event: 1.283 GC heap before
{Heap before GC invocations=2 (full 0):
 garbage-first heap   total 229376K, used 48027K [0x00000000e0000000, 0x0000000100000000)
  region size 1024K, 45 young (46080K), 2 survivors (2048K)
 Metaspace       used 20682K, capacity 21171K, committed 21248K, reserved 1069056K
  class space    used 2345K, capacity 2541K, committed 2560K, reserved 1048576K
}
Event: 1.288 GC heap after
{Heap after GC invocations=3 (full 0):
 garbage-first heap   total 229376K, used 7124K [0x00000000e0000000, 0x0000000100000000)
  region size 1024K, 4 young (4096K), 4 survivors (4096K)
 Metaspace       used 20682K, capacity 21171K, committed 21248K, reserved 1069056K
  class space    used 2345K, capacity 2541K, committed 2560K, reserved 1048576K
}
Event: 1.387 GC heap before
{Heap before GC invocations=4 (full 0):
 garbage-first heap   total 30720K, used 28628K [0x00000000e0000000, 0x0000000100000000)
  region size 1024K, 26 young (26624K), 4 survivors (4096K)
 Metaspace       used 22835K, capacity 23370K, committed 23552K, reserved 1071104K
  class space    used 2588K, capacity 2806K, committed 2816K, reserved 1048576K
}
Event: 1.391 GC heap after
{Heap after GC invocations=5 (full 0):
 garbage-first heap   total 33792K, used 6973K [0x00000000e0000000, 0x0000000100000000)
  region size 1024K, 3 young (3072K), 3 survivors (3072K)
 Metaspace       used 22835K, capacity 23370K, committed 23552K, reserved 1071104K
  class space    used 2588K, capacity 2806K, committed 2816K, reserved 1048576K
}
Event: 1.458 GC heap before
{Heap before GC invocations=5 (full 0):
 garbage-first heap   total 33792K, used 22333K [0x00000000e0000000, 0x0000000100000000)
  region size 1024K, 19 young (19456K), 3 survivors (3072K)
 Metaspace       used 24178K, capacity 24870K, committed 25088K, reserved 1071104K
  class space    used 2767K, capacity 3004K, committed 3072K, reserved 1048576K
}
Event: 1.461 GC heap after
{Heap after GC invocations=6 (full 0):
 garbage-first heap   total 33792K, used 7223K [0x00000000e0000000, 0x0000000100000000)
  region size 1024K, 1 young (1024K), 1 survivors (1024K)
 Metaspace       used 24178K, capacity 24870K, committed 25088K, reserved 1071104K
  class space    used 2767K, capacity 3004K, committed 3072K, reserved 1048576K
}
Event: 1.591 GC heap before
{Heap before GC invocations=6 (full 0):
 garbage-first heap   total 33792K, used 23607K [0x00000000e0000000, 0x0000000100000000)
  region size 1024K, 17 young (17408K), 1 survivors (1024K)
 Metaspace       used 25566K, capacity 26270K, committed 26624K, reserved 1073152K
  class space    used 2954K, capacity 3218K, committed 3328K, reserved 1048576K
}
Event: 1.593 GC heap after
{Heap after GC invocations=7 (full 0):
 garbage-first heap   total 33792K, used 7660K [0x00000000e0000000, 0x0000000100000000)
  region size 1024K, 2 young (2048K), 2 survivors (2048K)
 Metaspace       used 25566K, capacity 26270K, committed 26624K, reserved 1073152K
  class space    used 2954K, capacity 3218K, committed 3328K, reserved 1048576K
}
Event: 1.770 GC heap before
{Heap before GC invocations=7 (full 0):
 garbage-first heap   total 33792K, used 24044K [0x00000000e0000000, 0x0000000100000000)
  region size 1024K, 18 young (18432K), 2 survivors (2048K)
 Metaspace       used 26322K, capacity 27082K, committed 27264K, reserved 1073152K
  class space    used 3072K, capacity 3361K, committed 3456K, reserved 1048576K
}
Event: 1.772 GC heap after
{Heap after GC invocations=8 (full 0):
 garbage-first heap   total 33792K, used 8446K [0x00000000e0000000, 0x0000000100000000)
  region size 1024K, 2 young (2048K), 2 survivors (2048K)
 Metaspace       used 26322K, capacity 27082K, committed 27264K, reserved 1073152K
  class space    used 3072K, capacity 3361K, committed 3456K, reserved 1048576K
}
Event: 1.912 GC heap before
{Heap before GC invocations=8 (full 0):
 garbage-first heap   total 33792K, used 24830K [0x00000000e0000000, 0x0000000100000000)
  region size 1024K, 18 young (18432K), 2 survivors (2048K)
 Metaspace       used 27341K, capacity 28140K, committed 28416K, reserved 1075200K
  class space    used 3215K, capacity 3495K, committed 3584K, reserved 1048576K
}
Event: 1.916 GC heap after
{Heap after GC invocations=9 (full 0):
 garbage-first heap   total 132096K, used 8519K [0x00000000e0000000, 0x0000000100000000)
  region size 1024K, 2 young (2048K), 2 survivors (2048K)
 Metaspace       used 27341K, capacity 28140K, committed 28416K, reserved 1075200K
  class space    used 3215K, capacity 3495K, committed 3584K, reserved 1048576K
}
Event: 2.690 GC heap before
{Heap before GC invocations=9 (full 0):
 garbage-first heap   total 132096K, used 85319K [0x00000000e0000000, 0x0000000100000000)
  region size 1024K, 77 young (78848K), 2 survivors (2048K)
 Metaspace       used 33866K, capacity 34941K, committed 35200K, reserved 1079296K
  class space    used 4035K, capacity 4413K, committed 4480K, reserved 1048576K
}
Event: 2.696 GC heap after
{Heap after GC invocations=10 (full 0):
 garbage-first heap   total 132096K, used 11887K [0x00000000e0000000, 0x0000000100000000)
  region size 1024K, 5 young (5120K), 5 survivors (5120K)
 Metaspace       used 33866K, capacity 34941K, committed 35200K, reserved 1079296K
  class space    used 4035K, capacity 4413K, committed 4480K, reserved 1048576K
}
Event: 2.779 GC heap before
{Heap before GC invocations=10 (full 0):
 garbage-first heap   total 132096K, used 21103K [0x00000000e0000000, 0x0000000100000000)
  region size 1024K, 15 young (15360K), 5 survivors (5120K)
 Metaspace       used 34625K, capacity 35701K, committed 35840K, reserved 1081344K
  class space    used 4137K, capacity 4517K, committed 4608K, reserved 1048576K
}
Event: 2.785 GC heap after
{Heap after GC invocations=11 (full 0):
 garbage-first heap   total 132096K, used 12488K [0x00000000e0000000, 0x0000000100000000)
  region size 1024K, 6 young (6144K), 6 survivors (6144K)
 Metaspace       used 34625K, capacity 35701K, committed 35840K, reserved 1081344K
  class space    used 4137K, capacity 4517K, committed 4608K, reserved 1048576K
}
Event: 11.706 GC heap before
{Heap before GC invocations=12 (full 0):
 garbage-first heap   total 48128K, used 33992K [0x00000000e0000000, 0x0000000100000000)
  region size 1024K, 28 young (28672K), 6 survivors (6144K)
 Metaspace       used 36533K, capacity 37727K, committed 37888K, reserved 1083392K
  class space    used 4384K, capacity 4806K, committed 4864K, reserved 1048576K
}
Event: 11.718 GC heap after
{Heap after GC invocations=13 (full 0):
 garbage-first heap   total 48128K, used 13235K [0x00000000e0000000, 0x0000000100000000)
  region size 1024K, 2 young (2048K), 2 survivors (2048K)
 Metaspace       used 36533K, capacity 37727K, committed 37888K, reserved 1083392K
  class space    used 4384K, capacity 4806K, committed 4864K, reserved 1048576K
}
Event: 12.181 GC heap before
{Heap before GC invocations=13 (full 0):
 garbage-first heap   total 48128K, used 36787K [0x00000000e0000000, 0x0000000100000000)
  region size 1024K, 26 young (26624K), 2 survivors (2048K)
 Metaspace       used 40935K, capacity 42198K, committed 42368K, reserved 1085440K
  class space    used 4954K, capacity 5436K, committed 5504K, reserved 1048576K
}
Event: 12.185 GC heap after
{Heap after GC invocations=14 (full 0):
 garbage-first heap   total 48128K, used 14768K [0x00000000e0000000, 0x0000000100000000)
  region size 1024K, 4 young (4096K), 4 survivors (4096K)
 Metaspace       used 40935K, capacity 42198K, committed 42368K, reserved 1085440K
  class space    used 4954K, capacity 5436K, committed 5504K, reserved 1048576K
}

